# JRE version: OpenJDK Runtime Environment (8.0_181-b13) (build 1.8.0_181-8u181-b13-0ubuntu0.16.04.1-b13)
# Java VM: OpenJDK 64-Bit Server VM (25.181-b13 mixed mode linux-amd64 compressed oops)
Heap:
 garbage-first heap   total 266240K, used 134253K [0x00000000c0000000, 0x00000000c0100820, 0x0000000100000000)
  region size 1024K, 12 young (12288K), 4 survivors (4096K)
 Metaspace       used 141755K, capacity 156334K, committed 156636K, reserved 1185792K
  class space    used 16802K, capacity 20891K, committed 20964K, reserved 1048576K
GC Heap History (10 events):
Event: 69,698 GC heap before
{Heap before GC invocations=34 (full 0):
 garbage-first heap   total 262144K, used 141359K [0x00000000c0000000, 0x00000000c0100800, 0x0000000100000000)
  region size 1024K, 12 young (12288K), 9 survivors (9216K)
 Metaspace       used 138249K, capacity 152230K, committed 152412K, reserved 1181696K
  class space    used 16552K, capacity 20549K, committed 20580K, reserved 1048576K
Event: 69,723 GC heap after
Heap after GC invocations=35 (full 0):
 garbage-first heap   total 262144K, used 122831K [0x00000000c0000000, 0x00000000c0100800, 0x0000000100000000)
  region size 1024K, 2 young (2048K), 2 survivors (2048K)
 Metaspace       used 138249K, capacity 152230K, committed 152412K, reserved 1181696K
  class space    used 16552K, capacity 20549K, committed 20580K, reserved 1048576K
}
Event: 70,638 GC heap before
{Heap before GC invocations=35 (full 0):
 garbage-first heap   total 262144K, used 133071K [0x00000000c0000000, 0x00000000c0100800, 0x0000000100000000)
  region size 1024K, 12 young (12288K), 2 survivors (2048K)
 Metaspace       used 138250K, capacity 152230K, committed 152412K, reserved 1181696K
  class space    used 16552K, capacity 20549K, committed 20580K, reserved 1048576K
Event: 70,654 GC heap after
Heap after GC invocations=36 (full 0):
 garbage-first heap   total 262144K, used 125383K [0x00000000c0000000, 0x00000000c0100800, 0x0000000100000000)
  region size 1024K, 2 young (2048K), 2 survivors (2048K)
 Metaspace       used 138250K, capacity 152230K, committed 152412K, reserved 1181696K
  class space    used 16552K, capacity 20549K, committed 20580K, reserved 1048576K
}
Event: 93,588 GC heap before
{Heap before GC invocations=36 (full 0):
 garbage-first heap   total 262144K, used 225735K [0x00000000c0000000, 0x00000000c0100800, 0x0000000100000000)
  region size 1024K, 100 young (102400K), 2 survivors (2048K)
 Metaspace       used 140088K, capacity 154442K, committed 154716K, reserved 1183744K
  class space    used 16660K, capacity 20766K, committed 20836K, reserved 1048576K
Event: 93,601 GC heap after
Heap after GC invocations=37 (full 0):
 garbage-first heap   total 262144K, used 126151K [0x00000000c0000000, 0x00000000c0100800, 0x0000000100000000)
  region size 1024K, 3 young (3072K), 3 survivors (3072K)
 Metaspace       used 140088K, capacity 154442K, committed 154716K, reserved 1183744K
  class space    used 16660K, capacity 20766K, committed 20836K, reserved 1048576K
}
Event: 173,715 GC heap before
{Heap before GC invocations=37 (full 0):
 garbage-first heap   total 262144K, used 226503K [0x00000000c0000000, 0x00000000c0100800, 0x0000000100000000)
  region size 1024K, 101 young (103424K), 3 survivors (3072K)
 Metaspace       used 140194K, capacity 154448K, committed 154716K, reserved 1183744K
  class space    used 16671K, capacity 20768K, committed 20836K, reserved 1048576K
Event: 173,724 GC heap after
Heap after GC invocations=38 (full 0):
 garbage-first heap   total 262144K, used 125946K [0x00000000c0000000, 0x00000000c0100800, 0x0000000100000000)
  region size 1024K, 3 young (3072K), 3 survivors (3072K)
 Metaspace       used 140194K, capacity 154448K, committed 154716K, reserved 1183744K
  class space    used 16671K, capacity 20768K, committed 20836K, reserved 1048576K
}
Event: 240,140 GC heap before
{Heap before GC invocations=39 (full 0):
 garbage-first heap   total 262144K, used 254470K [0x00000000c0000000, 0x00000000c0100800, 0x0000000100000000)
  region size 1024K, 96 young (98304K), 3 survivors (3072K)
 Metaspace       used 141557K, capacity 156094K, committed 156380K, reserved 1185792K
  class space    used 16781K, capacity 20855K, committed 20964K, reserved 1048576K
Event: 240,149 GC heap after
Heap after GC invocations=40 (full 0):
 garbage-first heap   total 266240K, used 127085K [0x00000000c0000000, 0x00000000c0100820, 0x0000000100000000)
  region size 1024K, 4 young (4096K), 4 survivors (4096K)
 Metaspace       used 141557K, capacity 156094K, committed 156380K, reserved 1185792K
  class space    used 16781K, capacity 20855K, committed 20964K, reserved 1048576K
}

